<?xml version="1.0" encoding="UTF-8"?>
<!-- Generated by org.testng.reporters.JUnitReportReporter -->
<testsuite hostname="HMS-LP-N-25" name="Hotel.Registration.RegistrationTest" tests="1" failures="0" timestamp="7 Apr 2019 08:17:17 GMT" time="25.516" errors="0">
  <testcase name="launchingHotelogixDotCom" time="25.516" classname="Hotel.Registration.RegistrationTest"/>
</testsuite> <!-- Hotel.Registration.RegistrationTest -->
