<?xml version="1.0" encoding="UTF-8"?>
<!-- Generated by org.testng.reporters.JUnitReportReporter -->
<testsuite hostname="HMS-Harish-QA" name="Hotel.Registration.RegistrationTest" tests="1" failures="0" timestamp="15 Apr 2019 13:21:34 GMT" time="17.720" errors="0">
  <testcase name="fn_launchingHotelogixDotCom" time="17.720" classname="Hotel.Registration.RegistrationTest"/>
</testsuite> <!-- Hotel.Registration.RegistrationTest -->
